Reading GAFF/0/valineAngle_first3000.dat...
g_cos = 1.0 | g_sin = 1.2
Correlation time for set     0 is      1.186
Reading GAFF/10/valineAngle_first3000.dat...
g_cos = 1.0 | g_sin = 1.1
Correlation time for set     1 is      1.068
Reading GAFF/20/valineAngle_first3000.dat...
g_cos = 1.0 | g_sin = 1.0
Correlation time for set     2 is      1.042
Reading GAFF/30/valineAngle_first3000.dat...
g_cos = 1.0 | g_sin = 1.0
Correlation time for set     3 is      1.000
Reading GAFF/40/valineAngle_first3000.dat...
g_cos = 1.0 | g_sin = 1.0
Correlation time for set     4 is      1.000
Reading GAFF/50/valineAngle_first3000.dat...
g_cos = 1.0 | g_sin = 1.0
Correlation time for set     5 is      1.000
Reading GAFF/60/valineAngle_first3000.dat...
g_cos = 1.0 | g_sin = 1.0
Correlation time for set     6 is      1.000
Reading GAFF/70/valineAngle_first3000.dat...
g_cos = 1.0 | g_sin = 1.0
Correlation time for set     7 is      1.019
Reading GAFF/80/valineAngle_first3000.dat...
g_cos = 1.0 | g_sin = 1.0
Correlation time for set     8 is      1.012
Reading GAFF/90/valineAngle_first3000.dat...
g_cos = 1.2 | g_sin = 1.3
Correlation time for set     9 is      1.278
Reading GAFF/100/valineAngle_first3000.dat...
g_cos = 1.1 | g_sin = 1.1
Correlation time for set    10 is      1.106
Reading GAFF/110/valineAngle_first3000.dat...
g_cos = 1.0 | g_sin = 1.0
Correlation time for set    11 is      1.000
Reading GAFF/120/valineAngle_first3000.dat...
g_cos = 1.0 | g_sin = 1.0
Correlation time for set    12 is      1.013
Reading GAFF/130/valineAngle_first3000.dat...
g_cos = 1.0 | g_sin = 1.0
Correlation time for set    13 is      1.000
Reading GAFF/140/valineAngle_first3000.dat...
g_cos = 1.0 | g_sin = 1.0
Correlation time for set    14 is      1.041
Reading GAFF/150/valineAngle_first3000.dat...
g_cos = 1.1 | g_sin = 1.1
Correlation time for set    15 is      1.108
Reading GAFF/160/valineAngle_first3000.dat...
g_cos = 1.0 | g_sin = 1.1
Correlation time for set    16 is      1.051
Reading GAFF/170/valineAngle_first3000.dat...
g_cos = 1.0 | g_sin = 1.0
Correlation time for set    17 is      1.000
Reading GAFF/180/valineAngle_first3000.dat...
g_cos = 1.2 | g_sin = 1.0
Correlation time for set    18 is      1.188
Reading GAFF/190/valineAngle_first3000.dat...
g_cos = 1.1 | g_sin = 1.1
Correlation time for set    19 is      1.130
Reading GAFF/200/valineAngle_first3000.dat...
g_cos = 1.2 | g_sin = 1.2
Correlation time for set    20 is      1.206
Reading GAFF/210/valineAngle_first3000.dat...
g_cos = 1.0 | g_sin = 1.0
Correlation time for set    21 is      1.000
Reading GAFF/220/valineAngle_first3000.dat...
g_cos = 1.0 | g_sin = 1.0
Correlation time for set    22 is      1.000
Reading GAFF/230/valineAngle_first3000.dat...
g_cos = 1.1 | g_sin = 1.1
Correlation time for set    23 is      1.087
Reading GAFF/240/valineAngle_first3000.dat...
g_cos = 1.0 | g_sin = 1.0
Correlation time for set    24 is      1.000
Reading GAFF/250/valineAngle_first3000.dat...
g_cos = 1.1 | g_sin = 1.2
Correlation time for set    25 is      1.165
Reading GAFF/260/valineAngle_first3000.dat...
g_cos = 1.2 | g_sin = 1.2
Correlation time for set    26 is      1.197
Reading GAFF/270/valineAngle_first3000.dat...
g_cos = 1.0 | g_sin = 1.1
Correlation time for set    27 is      1.059
Reading GAFF/280/valineAngle_first3000.dat...
g_cos = 1.0 | g_sin = 1.0
Correlation time for set    28 is      1.000
Reading GAFF/290/valineAngle_first3000.dat...
g_cos = 1.0 | g_sin = 1.0
Correlation time for set    29 is      1.000
Reading GAFF/300/valineAngle_first3000.dat...
g_cos = 1.0 | g_sin = 1.0
Correlation time for set    30 is      1.000
Reading GAFF/310/valineAngle_first3000.dat...
g_cos = 1.0 | g_sin = 1.0
Correlation time for set    31 is      1.000
Reading GAFF/320/valineAngle_first3000.dat...
g_cos = 1.0 | g_sin = 1.0
Correlation time for set    32 is      1.003
Reading GAFF/330/valineAngle_first3000.dat...
g_cos = 1.0 | g_sin = 1.0
Correlation time for set    33 is      1.023
Reading GAFF/340/valineAngle_first3000.dat...
g_cos = 1.1 | g_sin = 1.2
Correlation time for set    34 is      1.194
Reading GAFF/350/valineAngle_first3000.dat...
g_cos = 1.0 | g_sin = 1.0
Correlation time for set    35 is      1.000
Binning data...
Evaluating reduced potential energies...
Running MBAR...
Warning: parameter method=adaptive is unrecognized and unused.
K (total states) = 36, total samples = 102538
N_k = 
[2534 2813 2884 3005 3005 3005 3005 2949 2969 2352 2717 3005 2966 3005 2888
 2713 2860 3005 2530 2658 2491 3005 3004 2766 3005 2580 2511 2836 3005 3005
 3005 3005 2995 2936 2516 3005]
There are 36 states with samples.
Initializing free energies to zero.
Initial dimensionless free energies with method zeros
f_k = 
[ 0.  0.  0.  0.  0.  0.  0.  0.  0.  0.  0.  0.  0.  0.  0.  0.  0.  0.
  0.  0.  0.  0.  0.  0.  0.  0.  0.  0.  0.  0.  0.  0.  0.  0.  0.  0.]
Final dimensionless free energies
f_k = 
[ 0.         -0.20936734 -1.21862769 -2.41128238 -3.43840796 -4.16986711
 -4.5670599  -4.62191004 -4.34439896 -3.81490954 -3.14825529 -2.40394187
 -1.87304596 -1.96918258 -2.6651813  -3.60138669 -4.45774416 -5.05840721
 -5.31725255 -5.27941824 -4.99647535 -4.61843128 -4.21129758 -3.81600366
 -3.67050448 -4.01698297 -4.83387492 -5.72789097 -6.42436762 -6.75886531
 -6.65056024 -6.09145187 -5.1129298  -3.80891925 -2.30413095 -0.89616265]
MBAR initialization complete.
PMF (in units of kT)
     bin        f       df
  -177.5    1.465    0.086
  -172.5    1.483    0.085
  -167.5    1.573    0.084
  -162.5    1.809    0.083
  -157.5    1.988    0.082
  -152.5    2.117    0.080
  -147.5    2.427    0.079
  -142.5    2.528    0.077
  -137.5    2.794    0.076
  -132.5    3.000    0.074
  -127.5    3.267    0.073
  -122.5    3.223    0.070
  -117.5    3.231    0.069
  -112.5    3.168    0.067
  -107.5    2.812    0.064
  -102.5    2.542    0.061
   -97.5    1.940    0.057
   -92.5    1.474    0.053
   -87.5    1.010    0.048
   -82.5    0.638    0.044
   -77.5    0.251    0.039
   -72.5    0.047    0.035
   -67.5    0.000    0.000
   -62.5    0.045    0.035
   -57.5    0.245    0.039
   -52.5    0.599    0.043
   -47.5    1.096    0.048
   -42.5    1.652    0.051
   -37.5    2.286    0.055
   -32.5    3.084    0.058
   -27.5    3.901    0.062
   -22.5    4.645    0.065
   -17.5    5.324    0.067
   -12.5    6.047    0.070
    -7.5    6.681    0.073
    -2.5    6.908    0.075
     2.5    7.160    0.078
     7.5    7.089    0.080
    12.5    6.611    0.080
    17.5    6.303    0.081
    22.5    5.647    0.082
    27.5    5.020    0.083
    32.5    4.382    0.084
    37.5    3.804    0.085
    42.5    3.257    0.085
    47.5    2.929    0.087
    52.5    2.500    0.087
    57.5    2.307    0.088
    62.5    2.184    0.089
    67.5    2.130    0.089
    72.5    2.235    0.090
    77.5    2.366    0.090
    82.5    2.648    0.091
    87.5    2.927    0.092
    92.5    3.275    0.092
    97.5    3.560    0.092
   102.5    4.059    0.093
   107.5    4.361    0.093
   112.5    4.831    0.093
   117.5    4.990    0.093
   122.5    5.196    0.094
   127.5    5.127    0.093
   132.5    4.855    0.093
   137.5    4.674    0.093
   142.5    4.134    0.092
   147.5    3.698    0.091
   152.5    3.175    0.091
   157.5    2.680    0.090
   162.5    2.271    0.089
   167.5    1.914    0.089
   172.5    1.622    0.088
   177.5    1.535    0.087
